Performing C++ SOURCE FILE Test CMAKE_HAVE_LIBC_PTHREAD failed with the following output:
Change Dir: /home/lsh/dfcpp/examples/build/CMakeFiles/CMakeTmp

Run Build Command(s):/usr/bin/make cmTC_f6c52/fast && /usr/bin/make -f CMakeFiles/cmTC_f6c52.dir/build.make CMakeFiles/cmTC_f6c52.dir/build
make[1]: Entering directory '/home/lsh/dfcpp/examples/build/CMakeFiles/CMakeTmp'
Building CXX object CMakeFiles/cmTC_f6c52.dir/src.cxx.o
/usr/bin/c++    -g -g -DCMAKE_HAVE_LIBC_PTHREAD   -std=gnu++17 -o CMakeFiles/cmTC_f6c52.dir/src.cxx.o -c /home/lsh/dfcpp/examples/build/CMakeFiles/CMakeTmp/src.cxx
Linking CXX executable cmTC_f6c52
/usr/bin/cmake -E cmake_link_script CMakeFiles/cmTC_f6c52.dir/link.txt --verbose=1
/usr/bin/c++   -g -g -DCMAKE_HAVE_LIBC_PTHREAD    CMakeFiles/cmTC_f6c52.dir/src.cxx.o  -o cmTC_f6c52 
/usr/bin/ld: CMakeFiles/cmTC_f6c52.dir/src.cxx.o: in function `main':
/home/lsh/dfcpp/examples/build/CMakeFiles/CMakeTmp/src.cxx:11: undefined reference to `pthread_create'
/usr/bin/ld: /home/lsh/dfcpp/examples/build/CMakeFiles/CMakeTmp/src.cxx:12: undefined reference to `pthread_detach'
/usr/bin/ld: /home/lsh/dfcpp/examples/build/CMakeFiles/CMakeTmp/src.cxx:13: undefined reference to `pthread_join'
collect2: error: ld returned 1 exit status
make[1]: *** [CMakeFiles/cmTC_f6c52.dir/build.make:87: cmTC_f6c52] Error 1
make[1]: Leaving directory '/home/lsh/dfcpp/examples/build/CMakeFiles/CMakeTmp'
make: *** [Makefile:121: cmTC_f6c52/fast] Error 2


Source file was:
#include <pthread.h>

void* test_func(void* data)
{
  return data;
}

int main(void)
{
  pthread_t thread;
  pthread_create(&thread, NULL, test_func, NULL);
  pthread_detach(thread);
  pthread_join(thread, NULL);
  pthread_atfork(NULL, NULL, NULL);
  pthread_exit(NULL);

  return 0;
}

Determining if the function pthread_create exists in the pthreads failed with the following output:
Change Dir: /home/lsh/dfcpp/examples/build/CMakeFiles/CMakeTmp

Run Build Command(s):/usr/bin/make cmTC_1b276/fast && /usr/bin/make -f CMakeFiles/cmTC_1b276.dir/build.make CMakeFiles/cmTC_1b276.dir/build
make[1]: Entering directory '/home/lsh/dfcpp/examples/build/CMakeFiles/CMakeTmp'
Building CXX object CMakeFiles/cmTC_1b276.dir/CheckFunctionExists.cxx.o
/usr/bin/c++    -g -g -DCHECK_FUNCTION_EXISTS=pthread_create   -std=gnu++17 -o CMakeFiles/cmTC_1b276.dir/CheckFunctionExists.cxx.o -c /home/lsh/dfcpp/examples/build/CMakeFiles/CheckLibraryExists/CheckFunctionExists.cxx
Linking CXX executable cmTC_1b276
/usr/bin/cmake -E cmake_link_script CMakeFiles/cmTC_1b276.dir/link.txt --verbose=1
/usr/bin/c++   -g -g -DCHECK_FUNCTION_EXISTS=pthread_create    CMakeFiles/cmTC_1b276.dir/CheckFunctionExists.cxx.o  -o cmTC_1b276  -lpthreads 
/usr/bin/ld: cannot find -lpthreads
collect2: error: ld returned 1 exit status
make[1]: *** [CMakeFiles/cmTC_1b276.dir/build.make:87: cmTC_1b276] Error 1
make[1]: Leaving directory '/home/lsh/dfcpp/examples/build/CMakeFiles/CMakeTmp'
make: *** [Makefile:121: cmTC_1b276/fast] Error 2



