Performing C++ SOURCE FILE Test CMAKE_HAVE_LIBC_PTHREAD failed with the following output:
Change Dir: /home/ljr/Desktop/SKT/dfcpp/build/CMakeFiles/CMakeTmp

Run Build Command(s):/usr/bin/make -f Makefile cmTC_ecfb5/fast && /usr/bin/make  -f CMakeFiles/cmTC_ecfb5.dir/build.make CMakeFiles/cmTC_ecfb5.dir/build
make[1]: Entering directory '/home/ljr/Desktop/SKT/dfcpp/build/CMakeFiles/CMakeTmp'
Building CXX object CMakeFiles/cmTC_ecfb5.dir/src.cxx.o
/usr/bin/g++-11 -DCMAKE_HAVE_LIBC_PTHREAD   -o CMakeFiles/cmTC_ecfb5.dir/src.cxx.o -c /home/ljr/Desktop/SKT/dfcpp/build/CMakeFiles/CMakeTmp/src.cxx
Linking CXX executable cmTC_ecfb5
/usr/local/bin/cmake -E cmake_link_script CMakeFiles/cmTC_ecfb5.dir/link.txt --verbose=1
/usr/bin/g++-11 CMakeFiles/cmTC_ecfb5.dir/src.cxx.o -o cmTC_ecfb5 
CMakeFiles/cmTC_ecfb5.dir/src.cxx.o: In function `main':
src.cxx:(.text+0x3e): undefined reference to `pthread_create'
src.cxx:(.text+0x4a): undefined reference to `pthread_detach'
src.cxx:(.text+0x56): undefined reference to `pthread_cancel'
src.cxx:(.text+0x67): undefined reference to `pthread_join'
src.cxx:(.text+0x7b): undefined reference to `pthread_atfork'
collect2: error: ld returned 1 exit status
CMakeFiles/cmTC_ecfb5.dir/build.make:98: recipe for target 'cmTC_ecfb5' failed
make[1]: *** [cmTC_ecfb5] Error 1
make[1]: Leaving directory '/home/ljr/Desktop/SKT/dfcpp/build/CMakeFiles/CMakeTmp'
Makefile:127: recipe for target 'cmTC_ecfb5/fast' failed
make: *** [cmTC_ecfb5/fast] Error 2


Source file was:
#include <pthread.h>

static void* test_func(void* data)
{
  return data;
}

int main(void)
{
  pthread_t thread;
  pthread_create(&thread, NULL, test_func, NULL);
  pthread_detach(thread);
  pthread_cancel(thread);
  pthread_join(thread, NULL);
  pthread_atfork(NULL, NULL, NULL);
  pthread_exit(NULL);

  return 0;
}

Determining if the function pthread_create exists in the pthreads failed with the following output:
Change Dir: /home/ljr/Desktop/SKT/dfcpp/build/CMakeFiles/CMakeTmp

Run Build Command(s):/usr/bin/make -f Makefile cmTC_1c36d/fast && /usr/bin/make  -f CMakeFiles/cmTC_1c36d.dir/build.make CMakeFiles/cmTC_1c36d.dir/build
make[1]: Entering directory '/home/ljr/Desktop/SKT/dfcpp/build/CMakeFiles/CMakeTmp'
Building CXX object CMakeFiles/cmTC_1c36d.dir/CheckFunctionExists.cxx.o
/usr/bin/g++-11   -DCHECK_FUNCTION_EXISTS=pthread_create -o CMakeFiles/cmTC_1c36d.dir/CheckFunctionExists.cxx.o -c /home/ljr/Desktop/SKT/dfcpp/build/CMakeFiles/CheckLibraryExists/CheckFunctionExists.cxx
Linking CXX executable cmTC_1c36d
/usr/local/bin/cmake -E cmake_link_script CMakeFiles/cmTC_1c36d.dir/link.txt --verbose=1
/usr/bin/g++-11  -DCHECK_FUNCTION_EXISTS=pthread_create CMakeFiles/cmTC_1c36d.dir/CheckFunctionExists.cxx.o -o cmTC_1c36d  -lpthreads 
/usr/bin/ld: cannot find -lpthreads
collect2: error: ld returned 1 exit status
CMakeFiles/cmTC_1c36d.dir/build.make:98: recipe for target 'cmTC_1c36d' failed
make[1]: *** [cmTC_1c36d] Error 1
make[1]: Leaving directory '/home/ljr/Desktop/SKT/dfcpp/build/CMakeFiles/CMakeTmp'
Makefile:127: recipe for target 'cmTC_1c36d/fast' failed
make: *** [cmTC_1c36d/fast] Error 2



